java.security.InvalidKeyException: Illegal key size or default parameters
	at javax.crypto.Cipher.checkCryptoPerm(Cipher.java:1011)
	at javax.crypto.Cipher.implInit(Cipher.java:786)
	at javax.crypto.Cipher.chooseProvider(Cipher.java:849)
	at javax.crypto.Cipher.init(Cipher.java:1213)
	at javax.crypto.Cipher.init(Cipher.java:1153)
	at com.jay.util.JayCipher.decrypt(JayCipher.java:70)
	at com.jay.gui.ConnectDialogBean.cipherConnsInfo(ConnectDialogBean.java:563)
	at com.jay.gui.ConnectDialogBean.readConnsInfo(ConnectDialogBean.java:646)
	at com.jay.gui.ConnectDialogBean.initialize(ConnectDialogBean.java:353)
	at com.jay.gui.ConnectDialogBean.<init>(ConnectDialogBean.java:58)
	at com.jay.gui.JayFrame.showConnectDialog(JayFrame.java:2370)
	at com.jay.gui.JayFrame$102.run(JayFrame.java:2418)
	at java.awt.event.InvocationEvent.dispatch(Unknown Source)
	at java.awt.EventQueue.dispatchEventImpl(Unknown Source)
	at java.awt.EventQueue.access$200(Unknown Source)
	at java.awt.EventQueue$3.run(Unknown Source)
	at java.awt.EventQueue$3.run(Unknown Source)
	at java.security.AccessController.doPrivileged(Native Method)
	at java.security.ProtectionDomain$1.doIntersectionPrivilege(Unknown Source)
	at java.awt.EventQueue.dispatchEvent(Unknown Source)
	at java.awt.EventDispatchThread.pumpOneEventForFilters(Unknown Source)
	at java.awt.EventDispatchThread.pumpEventsForFilter(Unknown Source)
	at java.awt.EventDispatchThread.pumpEventsForHierarchy(Unknown Source)
	at java.awt.EventDispatchThread.pumpEvents(Unknown Source)
	at java.awt.EventDispatchThread.pumpEvents(Unknown Source)
	at java.awt.EventDispatchThread.run(Unknown Source)
java.lang.RuntimeException: decryption failuer
	at com.jay.util.JayCipher.decrypt(JayCipher.java:76)
	at com.jay.gui.ConnectDialogBean.cipherConnsInfo(ConnectDialogBean.java:563)
	at com.jay.gui.ConnectDialogBean.readConnsInfo(ConnectDialogBean.java:646)
	at com.jay.gui.ConnectDialogBean.initialize(ConnectDialogBean.java:353)
	at com.jay.gui.ConnectDialogBean.<init>(ConnectDialogBean.java:58)
	at com.jay.gui.JayFrame.showConnectDialog(JayFrame.java:2370)
	at com.jay.gui.JayFrame$102.run(JayFrame.java:2418)
	at java.awt.event.InvocationEvent.dispatch(Unknown Source)
	at java.awt.EventQueue.dispatchEventImpl(Unknown Source)
	at java.awt.EventQueue.access$200(Unknown Source)
	at java.awt.EventQueue$3.run(Unknown Source)
	at java.awt.EventQueue$3.run(Unknown Source)
	at java.security.AccessController.doPrivileged(Native Method)
	at java.security.ProtectionDomain$1.doIntersectionPrivilege(Unknown Source)
	at java.awt.EventQueue.dispatchEvent(Unknown Source)
	at java.awt.EventDispatchThread.pumpOneEventForFilters(Unknown Source)
	at java.awt.EventDispatchThread.pumpEventsForFilter(Unknown Source)
	at java.awt.EventDispatchThread.pumpEventsForHierarchy(Unknown Source)
	at java.awt.EventDispatchThread.pumpEvents(Unknown Source)
	at java.awt.EventDispatchThread.pumpEvents(Unknown Source)
	at java.awt.EventDispatchThread.run(Unknown Source)
Caused by: java.security.InvalidKeyException: Illegal key size or default parameters
	at javax.crypto.Cipher.checkCryptoPerm(Cipher.java:1011)
	at javax.crypto.Cipher.implInit(Cipher.java:786)
	at javax.crypto.Cipher.chooseProvider(Cipher.java:849)
	at javax.crypto.Cipher.init(Cipher.java:1213)
	at javax.crypto.Cipher.init(Cipher.java:1153)
	at com.jay.util.JayCipher.decrypt(JayCipher.java:70)
	... 20 more
